<?xml version="1.0" encoding="UTF-8"?>
<!-- Generated by org.testng.reporters.JUnitXMLReporter -->
<testsuite hostname="W00000PC1FM454" tests="3" failures="0" timestamp="16 Aug 2020 09:47:12 GMT" time="0.015" errors="0">
  <testcase name="@BeforeSuite setup" time="0.0" classname="ParallelTest">
    <failure type="org.testng.TestNGException" message="
Parameter &amp;apos;browser&amp;apos; is required by @Configuration on method setup but has not been marked @Optional or defined
in C:\Users\d958654\AppData\Local\Temp\testng-eclipse--820920795\testng-customsuite.xml">
      <![CDATA[org.testng.TestNGException: 
Parameter 'browser' is required by @Configuration on method setup but has not been marked @Optional or defined
in C:\Users\d958654\AppData\Local\Temp\testng-eclipse--820920795\testng-customsuite.xml
	at org.testng.internal.Parameters.createParameters(Parameters.java:156)
	at org.testng.internal.Parameters.createParameters(Parameters.java:363)
	at org.testng.internal.Parameters.createConfigurationParameters(Parameters.java:86)
	at org.testng.internal.Invoker.invokeConfigurations(Invoker.java:202)
	at org.testng.internal.Invoker.invokeConfigurations(Invoker.java:143)
	at org.testng.SuiteRunner.privateRun(SuiteRunner.java:305)
	at org.testng.SuiteRunner.run(SuiteRunner.java:268)
	at org.testng.SuiteRunnerWorker.runSuite(SuiteRunnerWorker.java:52)
	at org.testng.SuiteRunnerWorker.run(SuiteRunnerWorker.java:86)
	at org.testng.TestNG.runSuitesSequentially(TestNG.java:1264)
	at org.testng.TestNG.runSuitesLocally(TestNG.java:1189)
	at org.testng.TestNG.runSuites(TestNG.java:1104)
	at org.testng.TestNG.run(TestNG.java:1076)
	at org.testng.remote.AbstractRemoteTestNG.run(AbstractRemoteTestNG.java:126)
	at org.testng.remote.RemoteTestNG.initAndRun(RemoteTestNG.java:152)
	at org.testng.remote.RemoteTestNG.main(RemoteTestNG.java:57)
]]>
    </failure>
  </testcase> <!-- @BeforeSuite setup -->
  <testcase name="@AfterMethod tearDown" time="0.0" classname="ParallelTest">
    <skipped/>
  </testcase> <!-- @AfterMethod tearDown -->
  <testcase name="@AfterMethod tearDown" time="0.0" classname="ParallelTest">
    <skipped/>
  </testcase> <!-- @AfterMethod tearDown -->
  <testcase name="@AfterMethod tearDown" time="0.0" classname="ParallelTest">
    <skipped/>
  </testcase> <!-- @AfterMethod tearDown -->
  <testcase name="freshWorkslogoTest" time="0.0" classname="ParallelTest">
    <skipped/>
  </testcase> <!-- freshWorkslogoTest -->
  <testcase name="freshWorksTitleTest" time="0.0" classname="ParallelTest">
    <skipped/>
  </testcase> <!-- freshWorksTitleTest -->
  <testcase name="getFooterLinksTest" time="0.0" classname="ParallelTest">
    <skipped/>
  </testcase> <!-- getFooterLinksTest -->
</testsuite>
